2019-11-25 12:24:07.892  INFO 13724 --- [restartedMain] com.xmh.springboot02.ApplicationConfig   : Starting ApplicationConfig on DESKTOP-3T06GEE with PID 13724 (started by 谢茂涵 in D:\itsource\作业\IEDAWorkSpace\_2019_11_24_springboot02)
2019-11-25 12:24:07.893 DEBUG 13724 --- [restartedMain] com.xmh.springboot02.ApplicationConfig   : Running with Spring Boot v2.0.5.RELEASE, Spring v5.0.9.RELEASE
2019-11-25 12:24:07.893  INFO 13724 --- [restartedMain] com.xmh.springboot02.ApplicationConfig   : The following profiles are active: dev
2019-11-25 12:24:07.896  INFO 13724 --- [restartedMain] ConfigServletWebServerApplicationContext : Refreshing org.springframework.boot.web.servlet.context.AnnotationConfigServletWebServerApplicationContext@4f718cc8: startup date [Mon Nov 25 12:24:07 CST 2019]; root of context hierarchy
2019-11-25 12:24:08.478  INFO 13724 --- [restartedMain] o.s.b.w.embedded.tomcat.TomcatWebServer  : Tomcat initialized with port(s): 80 (http)
2019-11-25 12:24:08.479  INFO 13724 --- [restartedMain] o.apache.catalina.core.StandardService   : Starting service [Tomcat]
2019-11-25 12:24:08.479  INFO 13724 --- [restartedMain] org.apache.catalina.core.StandardEngine  : Starting Servlet Engine: Apache Tomcat/8.5.34
2019-11-25 12:24:08.504  INFO 13724 --- [localhost-startStop-1] o.a.c.c.C.[Tomcat].[localhost].[/]       : Initializing Spring embedded WebApplicationContext
2019-11-25 12:24:08.505  INFO 13724 --- [localhost-startStop-1] o.s.web.context.ContextLoader            : Root WebApplicationContext: initialization completed in 609 ms
2019-11-25 12:24:08.513  INFO 13724 --- [localhost-startStop-1] o.s.b.w.servlet.ServletRegistrationBean  : Servlet dispatcherServlet mapped to [/]
2019-11-25 12:24:08.513  INFO 13724 --- [localhost-startStop-1] o.s.b.w.servlet.FilterRegistrationBean   : Mapping filter: 'characterEncodingFilter' to: [/*]
2019-11-25 12:24:08.513  INFO 13724 --- [localhost-startStop-1] o.s.b.w.servlet.FilterRegistrationBean   : Mapping filter: 'hiddenHttpMethodFilter' to: [/*]
2019-11-25 12:24:08.513  INFO 13724 --- [localhost-startStop-1] o.s.b.w.servlet.FilterRegistrationBean   : Mapping filter: 'httpPutFormContentFilter' to: [/*]
2019-11-25 12:24:08.514  INFO 13724 --- [localhost-startStop-1] o.s.b.w.servlet.FilterRegistrationBean   : Mapping filter: 'requestContextFilter' to: [/*]
2019-11-25 12:24:08.535  INFO 13724 --- [restartedMain] o.s.w.s.handler.SimpleUrlHandlerMapping  : Mapped URL path [/**/favicon.ico] onto handler of type [class org.springframework.web.servlet.resource.ResourceHttpRequestHandler]
2019-11-25 12:24:08.562  INFO 13724 --- [restartedMain] s.w.s.m.m.a.RequestMappingHandlerAdapter : Looking for @ControllerAdvice: org.springframework.boot.web.servlet.context.AnnotationConfigServletWebServerApplicationContext@4f718cc8: startup date [Mon Nov 25 12:24:07 CST 2019]; root of context hierarchy
2019-11-25 12:24:08.568  INFO 13724 --- [restartedMain] s.w.s.m.m.a.RequestMappingHandlerMapping : Mapped "{[/]}" onto java.lang.String com.xmh.springboot02.Example.home()
2019-11-25 12:24:08.570  INFO 13724 --- [restartedMain] s.w.s.m.m.a.RequestMappingHandlerMapping : Mapped "{[/error]}" onto public org.springframework.http.ResponseEntity<java.util.Map<java.lang.String, java.lang.Object>> org.springframework.boot.autoconfigure.web.servlet.error.BasicErrorController.error(javax.servlet.http.HttpServletRequest)
2019-11-25 12:24:08.571  INFO 13724 --- [restartedMain] s.w.s.m.m.a.RequestMappingHandlerMapping : Mapped "{[/error],produces=[text/html]}" onto public org.springframework.web.servlet.ModelAndView org.springframework.boot.autoconfigure.web.servlet.error.BasicErrorController.errorHtml(javax.servlet.http.HttpServletRequest,javax.servlet.http.HttpServletResponse)
2019-11-25 12:24:08.575  INFO 13724 --- [restartedMain] o.s.w.s.handler.SimpleUrlHandlerMapping  : Mapped URL path [/webjars/**] onto handler of type [class org.springframework.web.servlet.resource.ResourceHttpRequestHandler]
2019-11-25 12:24:08.576  INFO 13724 --- [restartedMain] o.s.w.s.handler.SimpleUrlHandlerMapping  : Mapped URL path [/**] onto handler of type [class org.springframework.web.servlet.resource.ResourceHttpRequestHandler]
2019-11-25 12:24:08.602  INFO 13724 --- [restartedMain] o.s.b.d.a.OptionalLiveReloadServer       : LiveReload server is running on port 35729
2019-11-25 12:24:08.617  INFO 13724 --- [restartedMain] o.s.j.e.a.AnnotationMBeanExporter        : Registering beans for JMX exposure on startup
2019-11-25 12:24:08.626  INFO 13724 --- [restartedMain] o.s.b.w.embedded.tomcat.TomcatWebServer  : Tomcat started on port(s): 80 (http) with context path ''
2019-11-25 12:24:08.627  INFO 13724 --- [restartedMain] com.xmh.springboot02.ApplicationConfig   : Started ApplicationConfig in 0.935 seconds (JVM running for 534.419)
2019-11-25 12:24:08.629  INFO 13724 --- [restartedMain] .ConditionEvaluationDeltaLoggingListener : Condition evaluation unchanged
2019-11-25 12:24:15.366  INFO 13724 --- [http-nio-80-exec-1] o.a.c.c.C.[Tomcat].[localhost].[/]       : Initializing Spring FrameworkServlet 'dispatcherServlet'
2019-11-25 12:24:15.366  INFO 13724 --- [http-nio-80-exec-1] o.s.web.servlet.DispatcherServlet        : FrameworkServlet 'dispatcherServlet': initialization started
2019-11-25 12:24:15.368  INFO 13724 --- [http-nio-80-exec-1] o.s.web.servlet.DispatcherServlet        : FrameworkServlet 'dispatcherServlet': initialization completed in 2 ms
2019-11-25 12:24:15.370 ERROR 13724 --- [http-nio-80-exec-1] com.xmh.springboot02.Example             : 错误
2019-11-25 12:24:15.370  WARN 13724 --- [http-nio-80-exec-1] com.xmh.springboot02.Example             : 警告
2019-11-25 12:24:15.370  INFO 13724 --- [http-nio-80-exec-1] com.xmh.springboot02.Example             : 信息
2019-11-25 12:24:15.370 DEBUG 13724 --- [http-nio-80-exec-1] com.xmh.springboot02.Example             : 调试
2019-11-25 12:24:15.370 TRACE 13724 --- [http-nio-80-exec-1] com.xmh.springboot02.Example             : 追踪
2019-11-25 12:24:15.371  INFO 13724 --- [http-nio-80-exec-1] com.xmh.springboot02.Example             : UserConfig(id=1, name=admin, age=18)
2019-11-25 12:28:38.682  INFO 13724 --- [Thread-49] ConfigServletWebServerApplicationContext : Closing org.springframework.boot.web.servlet.context.AnnotationConfigServletWebServerApplicationContext@4f718cc8: startup date [Mon Nov 25 12:24:07 CST 2019]; root of context hierarchy
2019-11-25 12:28:38.685  INFO 13724 --- [Thread-49] o.s.j.e.a.AnnotationMBeanExporter        : Unregistering JMX-exposed beans on shutdown
2019-11-25 12:28:39.632  INFO 13724 --- [restartedMain] com.xmh.springboot02.ApplicationConfig   : Starting ApplicationConfig on DESKTOP-3T06GEE with PID 13724 (started by 谢茂涵 in D:\itsource\作业\IEDAWorkSpace\_2019_11_24_springboot02)
2019-11-25 12:28:39.633 DEBUG 13724 --- [restartedMain] com.xmh.springboot02.ApplicationConfig   : Running with Spring Boot v2.0.5.RELEASE, Spring v5.0.9.RELEASE
2019-11-25 12:28:39.633  INFO 13724 --- [restartedMain] com.xmh.springboot02.ApplicationConfig   : The following profiles are active: dev
2019-11-25 12:28:39.635  INFO 13724 --- [restartedMain] ConfigServletWebServerApplicationContext : Refreshing org.springframework.boot.web.servlet.context.AnnotationConfigServletWebServerApplicationContext@3a1163e1: startup date [Mon Nov 25 12:28:39 CST 2019]; root of context hierarchy
2019-11-25 12:28:40.135  INFO 13724 --- [restartedMain] o.s.b.w.embedded.tomcat.TomcatWebServer  : Tomcat initialized with port(s): 80 (http)
2019-11-25 12:28:40.136  INFO 13724 --- [restartedMain] o.apache.catalina.core.StandardService   : Starting service [Tomcat]
2019-11-25 12:28:40.136  INFO 13724 --- [restartedMain] org.apache.catalina.core.StandardEngine  : Starting Servlet Engine: Apache Tomcat/8.5.34
2019-11-25 12:28:40.160  INFO 13724 --- [localhost-startStop-1] o.a.c.c.C.[Tomcat].[localhost].[/]       : Initializing Spring embedded WebApplicationContext
2019-11-25 12:28:40.160  INFO 13724 --- [localhost-startStop-1] o.s.web.context.ContextLoader            : Root WebApplicationContext: initialization completed in 525 ms
2019-11-25 12:28:40.166  INFO 13724 --- [localhost-startStop-1] o.s.b.w.servlet.ServletRegistrationBean  : Servlet dispatcherServlet mapped to [/]
2019-11-25 12:28:40.167  INFO 13724 --- [localhost-startStop-1] o.s.b.w.servlet.FilterRegistrationBean   : Mapping filter: 'characterEncodingFilter' to: [/*]
2019-11-25 12:28:40.167  INFO 13724 --- [localhost-startStop-1] o.s.b.w.servlet.FilterRegistrationBean   : Mapping filter: 'hiddenHttpMethodFilter' to: [/*]
2019-11-25 12:28:40.167  INFO 13724 --- [localhost-startStop-1] o.s.b.w.servlet.FilterRegistrationBean   : Mapping filter: 'httpPutFormContentFilter' to: [/*]
2019-11-25 12:28:40.167  INFO 13724 --- [localhost-startStop-1] o.s.b.w.servlet.FilterRegistrationBean   : Mapping filter: 'requestContextFilter' to: [/*]
2019-11-25 12:28:40.185  INFO 13724 --- [restartedMain] o.s.w.s.handler.SimpleUrlHandlerMapping  : Mapped URL path [/**/favicon.ico] onto handler of type [class org.springframework.web.servlet.resource.ResourceHttpRequestHandler]
2019-11-25 12:28:40.204  INFO 13724 --- [restartedMain] s.w.s.m.m.a.RequestMappingHandlerAdapter : Looking for @ControllerAdvice: org.springframework.boot.web.servlet.context.AnnotationConfigServletWebServerApplicationContext@3a1163e1: startup date [Mon Nov 25 12:28:39 CST 2019]; root of context hierarchy
2019-11-25 12:28:40.208  INFO 13724 --- [restartedMain] s.w.s.m.m.a.RequestMappingHandlerMapping : Mapped "{[/]}" onto java.lang.String com.xmh.springboot02.Example.home()
2019-11-25 12:28:40.210  INFO 13724 --- [restartedMain] s.w.s.m.m.a.RequestMappingHandlerMapping : Mapped "{[/error]}" onto public org.springframework.http.ResponseEntity<java.util.Map<java.lang.String, java.lang.Object>> org.springframework.boot.autoconfigure.web.servlet.error.BasicErrorController.error(javax.servlet.http.HttpServletRequest)
2019-11-25 12:28:40.210  INFO 13724 --- [restartedMain] s.w.s.m.m.a.RequestMappingHandlerMapping : Mapped "{[/error],produces=[text/html]}" onto public org.springframework.web.servlet.ModelAndView org.springframework.boot.autoconfigure.web.servlet.error.BasicErrorController.errorHtml(javax.servlet.http.HttpServletRequest,javax.servlet.http.HttpServletResponse)
2019-11-25 12:28:40.214  INFO 13724 --- [restartedMain] o.s.w.s.handler.SimpleUrlHandlerMapping  : Mapped URL path [/webjars/**] onto handler of type [class org.springframework.web.servlet.resource.ResourceHttpRequestHandler]
2019-11-25 12:28:40.214  INFO 13724 --- [restartedMain] o.s.w.s.handler.SimpleUrlHandlerMapping  : Mapped URL path [/**] onto handler of type [class org.springframework.web.servlet.resource.ResourceHttpRequestHandler]
2019-11-25 12:28:40.236  INFO 13724 --- [restartedMain] o.s.b.d.a.OptionalLiveReloadServer       : LiveReload server is running on port 35729
2019-11-25 12:28:40.247  INFO 13724 --- [restartedMain] o.s.j.e.a.AnnotationMBeanExporter        : Registering beans for JMX exposure on startup
2019-11-25 12:28:40.255  INFO 13724 --- [restartedMain] o.s.b.w.embedded.tomcat.TomcatWebServer  : Tomcat started on port(s): 80 (http) with context path ''
2019-11-25 12:28:40.255  INFO 13724 --- [restartedMain] com.xmh.springboot02.ApplicationConfig   : Started ApplicationConfig in 0.675 seconds (JVM running for 806.047)
2019-11-25 12:28:40.256  INFO 13724 --- [restartedMain] .ConditionEvaluationDeltaLoggingListener : Condition evaluation unchanged
2019-11-25 12:28:45.078  INFO 13724 --- [http-nio-80-exec-2] o.a.c.c.C.[Tomcat].[localhost].[/]       : Initializing Spring FrameworkServlet 'dispatcherServlet'
2019-11-25 12:28:45.078  INFO 13724 --- [http-nio-80-exec-2] o.s.web.servlet.DispatcherServlet        : FrameworkServlet 'dispatcherServlet': initialization started
2019-11-25 12:28:45.081  INFO 13724 --- [http-nio-80-exec-2] o.s.web.servlet.DispatcherServlet        : FrameworkServlet 'dispatcherServlet': initialization completed in 2 ms
2019-11-25 12:28:45.083 ERROR 13724 --- [http-nio-80-exec-2] com.xmh.springboot02.Example             : 错误
2019-11-25 12:28:45.083  WARN 13724 --- [http-nio-80-exec-2] com.xmh.springboot02.Example             : 警告
2019-11-25 12:28:45.083  INFO 13724 --- [http-nio-80-exec-2] com.xmh.springboot02.Example             : 信息
2019-11-25 12:28:45.083 DEBUG 13724 --- [http-nio-80-exec-2] com.xmh.springboot02.Example             : 调试
2019-11-25 12:28:45.083 TRACE 13724 --- [http-nio-80-exec-2] com.xmh.springboot02.Example             : 追踪
2019-11-25 12:28:45.084  INFO 13724 --- [http-nio-80-exec-2] com.xmh.springboot02.Example             : UserConfig(id=1, name=admin, age=18)
2019-11-25 12:28:54.246  INFO 3208 --- [restartedMain] com.xmh.springboot02.ApplicationConfig   : Starting ApplicationConfig on DESKTOP-3T06GEE with PID 3208 (started by 谢茂涵 in D:\itsource\作业\IEDAWorkSpace\_2019_11_24_springboot02)
2019-11-25 12:28:54.247 DEBUG 3208 --- [restartedMain] com.xmh.springboot02.ApplicationConfig   : Running with Spring Boot v2.0.5.RELEASE, Spring v5.0.9.RELEASE
2019-11-25 12:28:54.249  INFO 3208 --- [restartedMain] com.xmh.springboot02.ApplicationConfig   : The following profiles are active: dev
2019-11-25 12:28:54.401  INFO 3208 --- [restartedMain] ConfigServletWebServerApplicationContext : Refreshing org.springframework.boot.web.servlet.context.AnnotationConfigServletWebServerApplicationContext@df99efa: startup date [Mon Nov 25 12:28:54 CST 2019]; root of context hierarchy
2019-11-25 12:28:55.689  INFO 3208 --- [restartedMain] o.s.b.w.embedded.tomcat.TomcatWebServer  : Tomcat initialized with port(s): 80 (http)
2019-11-25 12:28:55.709  INFO 3208 --- [restartedMain] o.apache.catalina.core.StandardService   : Starting service [Tomcat]
2019-11-25 12:28:55.709  INFO 3208 --- [restartedMain] org.apache.catalina.core.StandardEngine  : Starting Servlet Engine: Apache Tomcat/8.5.34
2019-11-25 12:28:55.713  INFO 3208 --- [localhost-startStop-1] o.a.catalina.core.AprLifecycleListener   : The APR based Apache Tomcat Native library which allows optimal performance in production environments was not found on the java.library.path: [D:\itsource\JDK\bin;C:\Windows\Sun\Java\bin;C:\Windows\system32;C:\Windows;C:\Program Files (x86)\Common Files\NetSarang;C:\Windows\system32;C:\Windows;C:\Windows\System32\Wbem;C:\Windows\System32\WindowsPowerShell\v1.0\;C:\Windows\System32\OpenSSH\;C:\Program Files\NVIDIA Corporation\NVIDIA NvDLISR;C:\Program Files (x86)\NVIDIA Corporation\PhysX\Common;D:\itsource\MySql\bin;D:\itsource\SVN\SVNClient\bin;D:\itsource\nodejs\;D:\itsource\Ruby\Ruby26-x64\bin;C:\Users\Sic\AppData\Local\Microsoft\WindowsApps;D:\itsource\JDK\bin;C:\Users\Sic\AppData\Local\atom\bin;D:\itsource\Maven\apache-maven-3.3.9\bin;C:\Users\Sic\AppData\Local\GitHubDesktop\bin;C:\Users\Sic\AppData\Roaming\npm;.]
2019-11-25 12:28:55.811  INFO 3208 --- [localhost-startStop-1] o.a.c.c.C.[Tomcat].[localhost].[/]       : Initializing Spring embedded WebApplicationContext
2019-11-25 12:28:55.811  INFO 3208 --- [localhost-startStop-1] o.s.web.context.ContextLoader            : Root WebApplicationContext: initialization completed in 1410 ms
2019-11-25 12:28:55.879  INFO 3208 --- [localhost-startStop-1] o.s.b.w.servlet.ServletRegistrationBean  : Servlet dispatcherServlet mapped to [/]
2019-11-25 12:28:55.884  INFO 3208 --- [localhost-startStop-1] o.s.b.w.servlet.FilterRegistrationBean   : Mapping filter: 'characterEncodingFilter' to: [/*]
2019-11-25 12:28:55.884  INFO 3208 --- [localhost-startStop-1] o.s.b.w.servlet.FilterRegistrationBean   : Mapping filter: 'hiddenHttpMethodFilter' to: [/*]
2019-11-25 12:28:55.884  INFO 3208 --- [localhost-startStop-1] o.s.b.w.servlet.FilterRegistrationBean   : Mapping filter: 'httpPutFormContentFilter' to: [/*]
2019-11-25 12:28:55.884  INFO 3208 --- [localhost-startStop-1] o.s.b.w.servlet.FilterRegistrationBean   : Mapping filter: 'requestContextFilter' to: [/*]
2019-11-25 12:28:56.019  INFO 3208 --- [restartedMain] o.s.w.s.handler.SimpleUrlHandlerMapping  : Mapped URL path [/**/favicon.ico] onto handler of type [class org.springframework.web.servlet.resource.ResourceHttpRequestHandler]
2019-11-25 12:28:56.175  INFO 3208 --- [restartedMain] s.w.s.m.m.a.RequestMappingHandlerAdapter : Looking for @ControllerAdvice: org.springframework.boot.web.servlet.context.AnnotationConfigServletWebServerApplicationContext@df99efa: startup date [Mon Nov 25 12:28:54 CST 2019]; root of context hierarchy
2019-11-25 12:28:56.222  INFO 3208 --- [restartedMain] s.w.s.m.m.a.RequestMappingHandlerMapping : Mapped "{[/]}" onto java.lang.String com.xmh.springboot02.Example.home()
2019-11-25 12:28:56.227  INFO 3208 --- [restartedMain] s.w.s.m.m.a.RequestMappingHandlerMapping : Mapped "{[/error]}" onto public org.springframework.http.ResponseEntity<java.util.Map<java.lang.String, java.lang.Object>> org.springframework.boot.autoconfigure.web.servlet.error.BasicErrorController.error(javax.servlet.http.HttpServletRequest)
2019-11-25 12:28:56.228  INFO 3208 --- [restartedMain] s.w.s.m.m.a.RequestMappingHandlerMapping : Mapped "{[/error],produces=[text/html]}" onto public org.springframework.web.servlet.ModelAndView org.springframework.boot.autoconfigure.web.servlet.error.BasicErrorController.errorHtml(javax.servlet.http.HttpServletRequest,javax.servlet.http.HttpServletResponse)
2019-11-25 12:28:56.250  INFO 3208 --- [restartedMain] o.s.w.s.handler.SimpleUrlHandlerMapping  : Mapped URL path [/webjars/**] onto handler of type [class org.springframework.web.servlet.resource.ResourceHttpRequestHandler]
2019-11-25 12:28:56.250  INFO 3208 --- [restartedMain] o.s.w.s.handler.SimpleUrlHandlerMapping  : Mapped URL path [/**] onto handler of type [class org.springframework.web.servlet.resource.ResourceHttpRequestHandler]
2019-11-25 12:28:56.386  INFO 3208 --- [restartedMain] o.s.b.d.a.OptionalLiveReloadServer       : LiveReload server is running on port 35729
2019-11-25 12:28:56.411  INFO 3208 --- [restartedMain] o.s.j.e.a.AnnotationMBeanExporter        : Registering beans for JMX exposure on startup
2019-11-25 12:28:56.450  INFO 3208 --- [restartedMain] o.s.b.w.embedded.tomcat.TomcatWebServer  : Tomcat started on port(s): 80 (http) with context path ''
2019-11-25 12:28:56.454  INFO 3208 --- [restartedMain] com.xmh.springboot02.ApplicationConfig   : Started ApplicationConfig in 2.915 seconds (JVM running for 4.424)
2019-11-25 12:29:03.982  INFO 3208 --- [http-nio-80-exec-1] o.a.c.c.C.[Tomcat].[localhost].[/]       : Initializing Spring FrameworkServlet 'dispatcherServlet'
2019-11-25 12:29:03.983  INFO 3208 --- [http-nio-80-exec-1] o.s.web.servlet.DispatcherServlet        : FrameworkServlet 'dispatcherServlet': initialization started
2019-11-25 12:29:04.008  INFO 3208 --- [http-nio-80-exec-1] o.s.web.servlet.DispatcherServlet        : FrameworkServlet 'dispatcherServlet': initialization completed in 25 ms
2019-11-25 12:29:04.036 ERROR 3208 --- [http-nio-80-exec-1] com.xmh.springboot02.Example             : 错误
2019-11-25 12:29:04.037  WARN 3208 --- [http-nio-80-exec-1] com.xmh.springboot02.Example             : 警告
2019-11-25 12:29:04.037  INFO 3208 --- [http-nio-80-exec-1] com.xmh.springboot02.Example             : 信息
2019-11-25 12:29:04.037 DEBUG 3208 --- [http-nio-80-exec-1] com.xmh.springboot02.Example             : 调试
2019-11-25 12:29:04.037 TRACE 3208 --- [http-nio-80-exec-1] com.xmh.springboot02.Example             : 追踪
2019-11-25 12:29:04.037  INFO 3208 --- [http-nio-80-exec-1] com.xmh.springboot02.Example             : UserConfig(id=1, name=admin, age=18)
